precompile(Tuple{Base.var"##s128#247", Vararg{Any, 5}})
precompile(Tuple{typeof(Core.kwcall), NamedTuple{(:stale_age,), Tuple{Int64}}, typeof(FileWatching.Pidfile.trymkpidlock), Function, Vararg{Any}})
precompile(Tuple{FileWatching.Pidfile.var"##trymkpidlock#11", Base.Pairs{Symbol, Int64, Tuple{Symbol}, NamedTuple{(:stale_age,), Tuple{Int64}}}, typeof(FileWatching.Pidfile.trymkpidlock), Function, Vararg{Any}})
precompile(Tuple{typeof(Core.kwcall), NamedTuple{(:stale_age, :wait), Tuple{Int64, Bool}}, typeof(FileWatching.Pidfile.mkpidlock), Function, String})
precompile(Tuple{FileWatching.Pidfile.var"##mkpidlock#7", Base.Pairs{Symbol, Integer, Tuple{Symbol, Symbol}, NamedTuple{(:stale_age, :wait), Tuple{Int64, Bool}}}, typeof(FileWatching.Pidfile.mkpidlock), Base.var"#968#969"{Base.PkgId}, String, Int32})
precompile(Tuple{typeof(Base.print), Base.GenericIOBuffer{Array{UInt8, 1}}, UInt16})
precompile(Tuple{typeof(Base.CoreLogging.shouldlog), Logging.ConsoleLogger, Base.CoreLogging.LogLevel, Module, Symbol, Symbol})
precompile(Tuple{typeof(Core.kwcall), NamedTuple{names, T} where T<:Tuple where names, typeof(Base.CoreLogging.handle_message), Logging.ConsoleLogger, Base.CoreLogging.LogLevel, Vararg{Any, 6}})
precompile(Tuple{typeof(Base.pairs), NamedTuple{(:path,), Tuple{String}}})
precompile(Tuple{typeof(Base.haskey), Base.Pairs{Symbol, String, Tuple{Symbol}, NamedTuple{(:path,), Tuple{String}}}, Symbol})
precompile(Tuple{typeof(Base.isopen), Base.GenericIOBuffer{Array{UInt8, 1}}})
precompile(Tuple{Type{Base.IOContext{IO_t} where IO_t<:IO}, Base.GenericIOBuffer{Array{UInt8, 1}}, Base.TTY})
precompile(Tuple{typeof(Logging.showvalue), Base.IOContext{Base.GenericIOBuffer{Array{UInt8, 1}}}, String})
precompile(Tuple{typeof(Logging.default_metafmt), Base.CoreLogging.LogLevel, Vararg{Any, 5}})
precompile(Tuple{typeof(Base.string), Module})
precompile(Tuple{typeof(Core.kwcall), NamedTuple{(:bold, :color), Tuple{Bool, Symbol}}, typeof(Base.printstyled), Base.IOContext{Base.GenericIOBuffer{Array{UInt8, 1}}}, String})
precompile(Tuple{typeof(Core.kwcall), NamedTuple{(:bold, :color), Tuple{Bool, Symbol}}, typeof(Base.printstyled), Base.IOContext{Base.GenericIOBuffer{Array{UInt8, 1}}}, String, Vararg{String}})
precompile(Tuple{Base.var"##printstyled#995", Bool, Bool, Bool, Bool, Bool, Bool, Symbol, typeof(Base.printstyled), Base.IOContext{Base.GenericIOBuffer{Array{UInt8, 1}}}, String, Vararg{Any}})
precompile(Tuple{typeof(Core.kwcall), NamedTuple{(:bold, :italic, :underline, :blink, :reverse, :hidden), NTuple{6, Bool}}, typeof(Base.with_output_color), Function, Symbol, Base.IOContext{Base.GenericIOBuffer{Array{UInt8, 1}}}, String, Vararg{Any}})
precompile(Tuple{typeof(Base.write), Base.TTY, Array{UInt8, 1}})
precompile(Tuple{typeof(Core.kwcall), NamedTuple{(:cpu_target,), Tuple{Nothing}}, typeof(Base.julia_cmd)})
precompile(Tuple{typeof(Core.kwcall), NamedTuple{(:stderr, :stdout), Tuple{Base.TTY, Base.TTY}}, typeof(Base.pipeline), Base.Cmd})
precompile(Tuple{typeof(Base.open), Base.CmdRedirect, String, Base.TTY})
